# JRE version: OpenJDK Runtime Environment Corretto-11.0.18.10.1 (11.0.18+10) (build 11.0.18+10-LTS)
# Java VM: OpenJDK 64-Bit Server VM Corretto-11.0.18.10.1 (11.0.18+10-LTS, mixed mode, tiered, compressed oops, g1 gc, linux-amd64)
Heap:
 garbage-first heap   total 181248K, used 24164K [0x00000000c3200000, 0x0000000100000000)
  region size 1024K, 7 young (7168K), 7 survivors (7168K)
 Metaspace       used 51207K, capacity 52417K, committed 52556K, reserved 1095680K
  class space    used 5765K, capacity 6230K, committed 6272K, reserved 1048576K
GC Heap History (20 events):
Event: 9.813 GC heap after
{Heap after GC invocations=11 (full 0):
 garbage-first heap   total 100352K, used 12107K [0x00000000c3200000, 0x0000000100000000)
  region size 1024K, 4 young (4096K), 4 survivors (4096K)
 Metaspace       used 23351K, capacity 23943K, committed 24192K, reserved 1071104K
  class space    used 2368K, capacity 2602K, committed 2688K, reserved 1048576K
}
Event: 11.225 GC heap before
{Heap before GC invocations=11 (full 0):
 garbage-first heap   total 100352K, used 66379K [0x00000000c3200000, 0x0000000100000000)
  region size 1024K, 57 young (58368K), 4 survivors (4096K)
 Metaspace       used 26005K, capacity 26534K, committed 26880K, reserved 1073152K
  class space    used 2759K, capacity 2995K, committed 3072K, reserved 1048576K
}
Event: 11.263 GC heap after
{Heap after GC invocations=12 (full 0):
 garbage-first heap   total 100352K, used 12826K [0x00000000c3200000, 0x0000000100000000)
  region size 1024K, 4 young (4096K), 4 survivors (4096K)
 Metaspace       used 26005K, capacity 26534K, committed 26880K, reserved 1073152K
  class space    used 2759K, capacity 2995K, committed 3072K, reserved 1048576K
}
Event: 12.273 GC heap before
{Heap before GC invocations=12 (full 0):
 garbage-first heap   total 100352K, used 67098K [0x00000000c3200000, 0x0000000100000000)
  region size 1024K, 58 young (59392K), 4 survivors (4096K)
 Metaspace       used 29933K, capacity 30545K, committed 30976K, reserved 1077248K
  class space    used 3218K, capacity 3483K, committed 3584K, reserved 1048576K
}
Event: 12.297 GC heap after
{Heap after GC invocations=13 (full 0):
 garbage-first heap   total 100352K, used 14228K [0x00000000c3200000, 0x0000000100000000)
  region size 1024K, 6 young (6144K), 6 survivors (6144K)
 Metaspace       used 29933K, capacity 30545K, committed 30976K, reserved 1077248K
  class space    used 3218K, capacity 3483K, committed 3584K, reserved 1048576K
}
Event: 13.147 GC heap before
{Heap before GC invocations=13 (full 0):
 garbage-first heap   total 100352K, used 66452K [0x00000000c3200000, 0x0000000100000000)
  region size 1024K, 58 young (59392K), 6 survivors (6144K)
 Metaspace       used 32899K, capacity 33696K, committed 33920K, reserved 1079296K
  class space    used 3531K, capacity 3875K, committed 3968K, reserved 1048576K
}
Event: 13.175 GC heap after
{Heap after GC invocations=14 (full 0):
 garbage-first heap   total 100352K, used 15077K [0x00000000c3200000, 0x0000000100000000)
  region size 1024K, 5 young (5120K), 5 survivors (5120K)
 Metaspace       used 32899K, capacity 33696K, committed 33920K, reserved 1079296K
  class space    used 3531K, capacity 3875K, committed 3968K, reserved 1048576K
}
Event: 13.835 GC heap before
{Heap before GC invocations=14 (full 0):
 garbage-first heap   total 100352K, used 65253K [0x00000000c3200000, 0x0000000100000000)
  region size 1024K, 55 young (56320K), 5 survivors (5120K)
 Metaspace       used 34902K, capacity 35685K, committed 35840K, reserved 1081344K
  class space    used 3747K, capacity 4069K, committed 4096K, reserved 1048576K
}
Event: 13.851 GC heap after
{Heap after GC invocations=15 (full 0):
 garbage-first heap   total 120832K, used 15031K [0x00000000c3200000, 0x0000000100000000)
  region size 1024K, 5 young (5120K), 5 survivors (5120K)
 Metaspace       used 34902K, capacity 35685K, committed 35840K, reserved 1081344K
  class space    used 3747K, capacity 4069K, committed 4096K, reserved 1048576K
}
Event: 15.023 GC heap before
{Heap before GC invocations=16 (full 0):
 garbage-first heap   total 120832K, used 81591K [0x00000000c3200000, 0x0000000100000000)
  region size 1024K, 70 young (71680K), 5 survivors (5120K)
 Metaspace       used 37616K, capacity 38509K, committed 38732K, reserved 1083392K
  class space    used 4077K, capacity 4461K, committed 4480K, reserved 1048576K
}
Event: 15.042 GC heap after
{Heap after GC invocations=17 (full 0):
 garbage-first heap   total 120832K, used 16050K [0x00000000c3200000, 0x0000000100000000)
  region size 1024K, 6 young (6144K), 6 survivors (6144K)
 Metaspace       used 37616K, capacity 38509K, committed 38732K, reserved 1083392K
  class space    used 4077K, capacity 4461K, committed 4480K, reserved 1048576K
}
Event: 17.930 GC heap before
{Heap before GC invocations=17 (full 0):
 garbage-first heap   total 120832K, used 81586K [0x00000000c3200000, 0x0000000100000000)
  region size 1024K, 70 young (71680K), 6 survivors (6144K)
 Metaspace       used 40816K, capacity 41832K, committed 42188K, reserved 1087488K
  class space    used 4400K, capacity 4799K, committed 4864K, reserved 1048576K
}
Event: 18.034 GC heap after
{Heap after GC invocations=18 (full 0):
 garbage-first heap   total 120832K, used 17761K [0x00000000c3200000, 0x0000000100000000)
  region size 1024K, 7 young (7168K), 7 survivors (7168K)
 Metaspace       used 40816K, capacity 41832K, committed 42188K, reserved 1087488K
  class space    used 4400K, capacity 4799K, committed 4864K, reserved 1048576K
}
Event: 20.340 GC heap before
{Heap before GC invocations=18 (full 0):
 garbage-first heap   total 120832K, used 82273K [0x00000000c3200000, 0x0000000100000000)
  region size 1024K, 70 young (71680K), 7 survivors (7168K)
 Metaspace       used 43142K, capacity 44200K, committed 44492K, reserved 1089536K
  class space    used 4649K, capacity 5087K, committed 5120K, reserved 1048576K
}
Event: 20.405 GC heap after
{Heap after GC invocations=19 (full 0):
 garbage-first heap   total 120832K, used 19456K [0x00000000c3200000, 0x0000000100000000)
  region size 1024K, 6 young (6144K), 6 survivors (6144K)
 Metaspace       used 43142K, capacity 44200K, committed 44492K, reserved 1089536K
  class space    used 4649K, capacity 5087K, committed 5120K, reserved 1048576K
}
Event: 22.239 GC heap before
{Heap before GC invocations=19 (full 0):
 garbage-first heap   total 120832K, used 84992K [0x00000000c3200000, 0x0000000100000000)
  region size 1024K, 70 young (71680K), 6 survivors (6144K)
 Metaspace       used 47057K, capacity 48177K, committed 48460K, reserved 1091584K
  class space    used 5295K, capacity 5729K, committed 5760K, reserved 1048576K
}
Event: 22.331 GC heap after
{Heap after GC invocations=20 (full 0):
 garbage-first heap   total 120832K, used 20136K [0x00000000c3200000, 0x0000000100000000)
  region size 1024K, 6 young (6144K), 6 survivors (6144K)
 Metaspace       used 47057K, capacity 48177K, committed 48460K, reserved 1091584K
  class space    used 5295K, capacity 5729K, committed 5760K, reserved 1048576K
}
Event: 25.181 GC heap before
{Heap before GC invocations=20 (full 0):
 garbage-first heap   total 120832K, used 85672K [0x00000000c3200000, 0x0000000100000000)
  region size 1024K, 70 young (71680K), 6 survivors (6144K)
 Metaspace       used 49458K, capacity 50617K, committed 50892K, reserved 1093632K
  class space    used 5571K, capacity 6035K, committed 6144K, reserved 1048576K
}
Event: 25.250 GC heap after
{Heap after GC invocations=21 (full 0):
 garbage-first heap   total 120832K, used 22136K [0x00000000c3200000, 0x0000000100000000)
  region size 1024K, 7 young (7168K), 7 survivors (7168K)
 Metaspace       used 49458K, capacity 50617K, committed 50892K, reserved 1093632K
  class space    used 5571K, capacity 6035K, committed 6144K, reserved 1048576K
}
Event: 27.916 GC heap before
{Heap before GC invocations=21 (full 0):
 garbage-first heap   total 120832K, used 86648K [0x00000000c3200000, 0x0000000100000000)
  region size 1024K, 70 young (71680K), 7 survivors (7168K)
 Metaspace       used 51207K, capacity 52417K, committed 52556K, reserved 1095680K
  class space    used 5765K, capacity 6230K, committed 6272K, reserved 1048576K
}

